Determining if the pthread_create exist failed with the following output:
Change Dir: /root/halloffame/deb/HallOfFame/proto/CMakeFiles/CMakeTmp

Run Build Command:"/usr/bin/make" "cmTC_34a19/fast"
/usr/bin/make -f CMakeFiles/cmTC_34a19.dir/build.make CMakeFiles/cmTC_34a19.dir/build
make[1]: Entering directory '/root/halloffame/deb/HallOfFame/proto/CMakeFiles/CMakeTmp'
Building C object CMakeFiles/cmTC_34a19.dir/CheckSymbolExists.c.o
/usr/bin/cc     -o CMakeFiles/cmTC_34a19.dir/CheckSymbolExists.c.o   -c /root/halloffame/deb/HallOfFame/proto/CMakeFiles/CMakeTmp/CheckSymbolExists.c
Linking C executable cmTC_34a19
/usr/bin/cmake -E cmake_link_script CMakeFiles/cmTC_34a19.dir/link.txt --verbose=1
/usr/bin/cc       CMakeFiles/cmTC_34a19.dir/CheckSymbolExists.c.o  -o cmTC_34a19 
CMakeFiles/cmTC_34a19.dir/CheckSymbolExists.c.o：在函数‘main’中：
CheckSymbolExists.c:(.text+0x16)：对‘pthread_create’未定义的引用
collect2: error: ld returned 1 exit status
CMakeFiles/cmTC_34a19.dir/build.make:97: recipe for target 'cmTC_34a19' failed
make[1]: *** [cmTC_34a19] Error 1
make[1]: Leaving directory '/root/halloffame/deb/HallOfFame/proto/CMakeFiles/CMakeTmp'
Makefile:126: recipe for target 'cmTC_34a19/fast' failed
make: *** [cmTC_34a19/fast] Error 2

File /root/halloffame/deb/HallOfFame/proto/CMakeFiles/CMakeTmp/CheckSymbolExists.c:
/* */
#include <pthread.h>

int main(int argc, char** argv)
{
  (void)argv;
#ifndef pthread_create
  return ((int*)(&pthread_create))[argc];
#else
  (void)argc;
  return 0;
#endif
}

Determining if the function pthread_create exists in the pthreads failed with the following output:
Change Dir: /root/halloffame/deb/HallOfFame/proto/CMakeFiles/CMakeTmp

Run Build Command:"/usr/bin/make" "cmTC_01281/fast"
/usr/bin/make -f CMakeFiles/cmTC_01281.dir/build.make CMakeFiles/cmTC_01281.dir/build
make[1]: Entering directory '/root/halloffame/deb/HallOfFame/proto/CMakeFiles/CMakeTmp'
Building C object CMakeFiles/cmTC_01281.dir/CheckFunctionExists.c.o
/usr/bin/cc    -DCHECK_FUNCTION_EXISTS=pthread_create   -o CMakeFiles/cmTC_01281.dir/CheckFunctionExists.c.o   -c /usr/share/cmake-3.5/Modules/CheckFunctionExists.c
Linking C executable cmTC_01281
/usr/bin/cmake -E cmake_link_script CMakeFiles/cmTC_01281.dir/link.txt --verbose=1
/usr/bin/cc   -DCHECK_FUNCTION_EXISTS=pthread_create    CMakeFiles/cmTC_01281.dir/CheckFunctionExists.c.o  -o cmTC_01281 -lpthreads 
/usr/bin/ld: 找不到 -lpthreads
collect2: error: ld returned 1 exit status
CMakeFiles/cmTC_01281.dir/build.make:97: recipe for target 'cmTC_01281' failed
make[1]: *** [cmTC_01281] Error 1
make[1]: Leaving directory '/root/halloffame/deb/HallOfFame/proto/CMakeFiles/CMakeTmp'
Makefile:126: recipe for target 'cmTC_01281/fast' failed
make: *** [cmTC_01281/fast] Error 2


